<?xml version="1.0" encoding="UTF-8"?>
<coverage generated="1741624715641" clover="3.2.0">
  <project timestamp="1741624715641" name="All files">
    <metrics statements="45" coveredstatements="45" conditionals="23" coveredconditionals="23" methods="8" coveredmethods="8" elements="76" coveredelements="76" complexity="0" loc="45" ncloc="45" packages="1" files="1" classes="1"/>
    <file name="sudoku.ts" path="C:\Users\nasse\Documents\GitHub\Sudoku-projekt\sudoku.ts">
      <metrics statements="45" coveredstatements="45" conditionals="23" coveredconditionals="23" methods="8" coveredmethods="8"/>
      <line num="2" count="1" type="stmt"/>
      <line num="6" count="1" type="stmt"/>
      <line num="47" count="4" type="stmt"/>
      <line num="48" count="4" type="stmt"/>
      <line num="54" count="150612" type="stmt"/>
      <line num="55" count="652314" type="cond" truecount="3" falsecount="0"/>
      <line num="56" count="128175" type="stmt"/>
      <line num="61" count="22437" type="stmt"/>
      <line num="62" count="22437" type="stmt"/>
      <line num="63" count="22437" type="stmt"/>
      <line num="64" count="61359" type="stmt"/>
      <line num="65" count="179313" type="cond" truecount="1" falsecount="0"/>
      <line num="66" count="5604" type="stmt"/>
      <line num="70" count="16833" type="stmt"/>
      <line num="74" count="16839" type="stmt"/>
      <line num="75" count="67867" type="stmt"/>
      <line num="76" count="557197" type="cond" truecount="1" falsecount="0"/>
      <line num="77" count="16833" type="stmt"/>
      <line num="81" count="6" type="stmt"/>
      <line num="87" count="16837" type="stmt"/>
      <line num="90" count="16837" type="cond" truecount="1" falsecount="0"/>
      <line num="91" count="5" type="stmt"/>
      <line num="94" count="16832" type="stmt"/>
      <line num="97" count="16832" type="stmt"/>
      <line num="98" count="150608" type="cond" truecount="1" falsecount="0"/>
      <line num="99" count="16832" type="stmt"/>
      <line num="102" count="16832" type="cond" truecount="1" falsecount="0"/>
      <line num="103" count="204" type="stmt"/>
      <line num="105" count="16628" type="stmt"/>
      <line num="108" count="16628" type="stmt"/>
      <line num="113" count="5" type="cond" truecount="4" falsecount="0"/>
      <line num="114" count="1" type="stmt"/>
      <line num="116" count="4" type="cond" truecount="5" falsecount="0"/>
      <line num="117" count="1" type="stmt"/>
      <line num="119" count="3" type="cond" truecount="2" falsecount="0"/>
      <line num="120" count="1" type="stmt"/>
      <line num="122" count="2" type="cond" truecount="1" falsecount="0"/>
      <line num="123" count="18" type="stmt"/>
      <line num="124" count="2" type="cond" truecount="2" falsecount="0"/>
      <line num="125" count="1" type="stmt"/>
      <line num="128" count="1" type="stmt"/>
      <line num="135" count="2" type="cond" truecount="1" falsecount="0"/>
      <line num="136" count="1" type="stmt"/>
      <line num="138" count="9" type="stmt"/>
      <line num="139" count="1" type="stmt"/>
    </file>
  </project>
</coverage>
