<?xml version="1.0" encoding="UTF-8"?>
<coverage generated="1741699551624" clover="3.2.0">
  <project timestamp="1741699551625" name="All files">
    <metrics statements="45" coveredstatements="45" conditionals="23" coveredconditionals="23" methods="8" coveredmethods="8" elements="76" coveredelements="76" complexity="0" loc="45" ncloc="45" packages="1" files="1" classes="1"/>
    <file name="sudoku.ts" path="C:\Users\nasse\Documents\GitHub\Sudoku-projekt\sudoku.ts">
      <metrics statements="45" coveredstatements="45" conditionals="23" coveredconditionals="23" methods="8" coveredmethods="8"/>
      <line num="2" count="1" type="stmt"/>
      <line num="6" count="1" type="stmt"/>
      <line num="54" count="4" type="stmt"/>
      <line num="55" count="4" type="stmt"/>
      <line num="72" count="150612" type="stmt"/>
      <line num="73" count="652314" type="cond" truecount="3" falsecount="0"/>
      <line num="74" count="128175" type="stmt"/>
      <line num="79" count="22437" type="stmt"/>
      <line num="80" count="22437" type="stmt"/>
      <line num="81" count="22437" type="stmt"/>
      <line num="82" count="61359" type="stmt"/>
      <line num="83" count="179313" type="cond" truecount="1" falsecount="0"/>
      <line num="84" count="5604" type="stmt"/>
      <line num="88" count="16833" type="stmt"/>
      <line num="100" count="16839" type="stmt"/>
      <line num="101" count="67867" type="stmt"/>
      <line num="102" count="557197" type="cond" truecount="1" falsecount="0"/>
      <line num="103" count="16833" type="stmt"/>
      <line num="107" count="6" type="stmt"/>
      <line num="122" count="16837" type="stmt"/>
      <line num="125" count="16837" type="cond" truecount="1" falsecount="0"/>
      <line num="126" count="5" type="stmt"/>
      <line num="129" count="16832" type="stmt"/>
      <line num="132" count="16832" type="stmt"/>
      <line num="133" count="150608" type="cond" truecount="1" falsecount="0"/>
      <line num="134" count="16832" type="stmt"/>
      <line num="137" count="16832" type="cond" truecount="1" falsecount="0"/>
      <line num="138" count="204" type="stmt"/>
      <line num="140" count="16628" type="stmt"/>
      <line num="143" count="16628" type="stmt"/>
      <line num="159" count="5" type="cond" truecount="4" falsecount="0"/>
      <line num="160" count="1" type="stmt"/>
      <line num="162" count="4" type="cond" truecount="5" falsecount="0"/>
      <line num="163" count="1" type="stmt"/>
      <line num="165" count="3" type="cond" truecount="2" falsecount="0"/>
      <line num="166" count="1" type="stmt"/>
      <line num="168" count="2" type="cond" truecount="1" falsecount="0"/>
      <line num="169" count="18" type="stmt"/>
      <line num="170" count="2" type="cond" truecount="2" falsecount="0"/>
      <line num="171" count="1" type="stmt"/>
      <line num="174" count="1" type="stmt"/>
      <line num="190" count="2" type="cond" truecount="1" falsecount="0"/>
      <line num="191" count="1" type="stmt"/>
      <line num="193" count="9" type="stmt"/>
      <line num="194" count="1" type="stmt"/>
    </file>
  </project>
</coverage>
