{"C:\\Users\\nasse\\Documents\\GitHub\\Sudoku-projekt\\sudoku.ts": {"path":"C:\\Users\\nasse\\Documents\\GitHub\\Sudoku-projekt\\sudoku.ts","statementMap":{"0":{"start":{"line":2,"column":17},"end":{"line":2,"column":22}},"1":{"start":{"line":2,"column":24},"end":{"line":2,"column":32}},"2":{"start":{"line":2,"column":34},"end":{"line":2,"column":47}},"3":{"start":{"line":2,"column":49},"end":{"line":2,"column":54}},"4":{"start":{"line":2,"column":56},"end":{"line":2,"column":61}},"5":{"start":{"line":2,"column":63},"end":{"line":2,"column":67}},"6":{"start":{"line":6,"column":38},"end":{"line":42,"column":null}},"7":{"start":{"line":2,"column":9},"end":{"line":2,"column":15}},"8":{"start":{"line":54,"column":4},"end":{"line":54,"column":17}},"9":{"start":{"line":55,"column":4},"end":{"line":55,"column":17}},"10":{"start":{"line":72,"column":8},"end":{"line":76,"column":9}},"11":{"start":{"line":72,"column":20},"end":{"line":72,"column":21}},"12":{"start":{"line":73,"column":12},"end":{"line":75,"column":13}},"13":{"start":{"line":74,"column":16},"end":{"line":74,"column":29}},"14":{"start":{"line":79,"column":27},"end":{"line":79,"column":50}},"15":{"start":{"line":80,"column":27},"end":{"line":80,"column":50}},"16":{"start":{"line":81,"column":8},"end":{"line":87,"column":9}},"17":{"start":{"line":81,"column":20},"end":{"line":81,"column":22}},"18":{"start":{"line":82,"column":12},"end":{"line":86,"column":13}},"19":{"start":{"line":82,"column":24},"end":{"line":82,"column":26}},"20":{"start":{"line":83,"column":16},"end":{"line":85,"column":17}},"21":{"start":{"line":84,"column":20},"end":{"line":84,"column":33}},"22":{"start":{"line":88,"column":4},"end":{"line":88,"column":16}},"23":{"start":{"line":100,"column":8},"end":{"line":106,"column":9}},"24":{"start":{"line":100,"column":23},"end":{"line":100,"column":24}},"25":{"start":{"line":101,"column":12},"end":{"line":105,"column":13}},"26":{"start":{"line":101,"column":26},"end":{"line":101,"column":27}},"27":{"start":{"line":102,"column":16},"end":{"line":104,"column":17}},"28":{"start":{"line":103,"column":20},"end":{"line":103,"column":37}},"29":{"start":{"line":107,"column":8},"end":{"line":107,"column":20}},"30":{"start":{"line":122,"column":45},"end":{"line":122,"column":65}},"31":{"start":{"line":125,"column":8},"end":{"line":127,"column":9}},"32":{"start":{"line":126,"column":12},"end":{"line":126,"column":24}},"33":{"start":{"line":129,"column":35},"end":{"line":129,"column":40}},"34":{"start":{"line":132,"column":8},"end":{"line":142,"column":9}},"35":{"start":{"line":132,"column":22},"end":{"line":132,"column":23}},"36":{"start":{"line":133,"column":12},"end":{"line":141,"column":13}},"37":{"start":{"line":134,"column":16},"end":{"line":134,"column":38}},"38":{"start":{"line":137,"column":16},"end":{"line":139,"column":17}},"39":{"start":{"line":138,"column":20},"end":{"line":138,"column":32}},"40":{"start":{"line":140,"column":16},"end":{"line":140,"column":36}},"41":{"start":{"line":143,"column":4},"end":{"line":143,"column":17}},"42":{"start":{"line":159,"column":4},"end":{"line":164,"column":5}},"43":{"start":{"line":160,"column":8},"end":{"line":160,"column":62}},"44":{"start":{"line":162,"column":9},"end":{"line":164,"column":5}},"45":{"start":{"line":163,"column":8},"end":{"line":163,"column":71}},"46":{"start":{"line":165,"column":4},"end":{"line":176,"column":5}},"47":{"start":{"line":166,"column":8},"end":{"line":166,"column":57}},"48":{"start":{"line":168,"column":9},"end":{"line":176,"column":5}},"49":{"start":{"line":169,"column":35},"end":{"line":169,"column":67}},"50":{"start":{"line":169,"column":57},"end":{"line":169,"column":65}},"51":{"start":{"line":170,"column":8},"end":{"line":175,"column":9}},"52":{"start":{"line":171,"column":12},"end":{"line":171,"column":54}},"53":{"start":{"line":174,"column":12},"end":{"line":174,"column":45}},"54":{"start":{"line":190,"column":4},"end":{"line":192,"column":5}},"55":{"start":{"line":191,"column":8},"end":{"line":191,"column":18}},"56":{"start":{"line":193,"column":26},"end":{"line":193,"column":58}},"57":{"start":{"line":193,"column":48},"end":{"line":193,"column":56}},"58":{"start":{"line":194,"column":4},"end":{"line":194,"column":24}}},"fnMap":{"0":{"name":"facit","decl":{"start":{"line":53,"column":9},"end":{"line":53,"column":14}},"loc":{"start":{"line":53,"column":27},"end":{"line":56,"column":1}}},"1":{"name":"is_valid","decl":{"start":{"line":70,"column":9},"end":{"line":70,"column":17}},"loc":{"start":{"line":70,"column":69},"end":{"line":89,"column":1}}},"2":{"name":"contains_zero","decl":{"start":{"line":99,"column":9},"end":{"line":99,"column":22}},"loc":{"start":{"line":99,"column":35},"end":{"line":108,"column":5}}},"3":{"name":"solve","decl":{"start":{"line":120,"column":9},"end":{"line":120,"column":14}},"loc":{"start":{"line":120,"column":27},"end":{"line":144,"column":1}}},"4":{"name":"apply","decl":{"start":{"line":158,"column":9},"end":{"line":158,"column":14}},"loc":{"start":{"line":158,"column":64},"end":{"line":177,"column":1}}},"5":{"name":"(anonymous_5)","decl":{"start":{"line":169,"column":51},"end":{"line":169,"column":54}},"loc":{"start":{"line":169,"column":57},"end":{"line":169,"column":65}}},"6":{"name":"hint","decl":{"start":{"line":189,"column":9},"end":{"line":189,"column":13}},"loc":{"start":{"line":189,"column":48},"end":{"line":195,"column":1}}},"7":{"name":"(anonymous_7)","decl":{"start":{"line":193,"column":42},"end":{"line":193,"column":45}},"loc":{"start":{"line":193,"column":48},"end":{"line":193,"column":56}}}},"branchMap":{"0":{"loc":{"start":{"line":73,"column":12},"end":{"line":75,"column":13}},"type":"if","locations":[{"start":{"line":73,"column":12},"end":{"line":75,"column":13}}]},"1":{"loc":{"start":{"line":73,"column":15},"end":{"line":73,"column":61}},"type":"binary-expr","locations":[{"start":{"line":73,"column":15},"end":{"line":73,"column":36}},{"start":{"line":73,"column":40},"end":{"line":73,"column":61}}]},"2":{"loc":{"start":{"line":83,"column":16},"end":{"line":85,"column":17}},"type":"if","locations":[{"start":{"line":83,"column":16},"end":{"line":85,"column":17}}]},"3":{"loc":{"start":{"line":102,"column":16},"end":{"line":104,"column":17}},"type":"if","locations":[{"start":{"line":102,"column":16},"end":{"line":104,"column":17}}]},"4":{"loc":{"start":{"line":125,"column":8},"end":{"line":127,"column":9}},"type":"if","locations":[{"start":{"line":125,"column":8},"end":{"line":127,"column":9}}]},"5":{"loc":{"start":{"line":133,"column":12},"end":{"line":141,"column":13}},"type":"if","locations":[{"start":{"line":133,"column":12},"end":{"line":141,"column":13}}]},"6":{"loc":{"start":{"line":137,"column":16},"end":{"line":139,"column":17}},"type":"if","locations":[{"start":{"line":137,"column":16},"end":{"line":139,"column":17}}]},"7":{"loc":{"start":{"line":159,"column":4},"end":{"line":164,"column":5}},"type":"if","locations":[{"start":{"line":159,"column":4},"end":{"line":164,"column":5}},{"start":{"line":162,"column":9},"end":{"line":164,"column":5}}]},"8":{"loc":{"start":{"line":159,"column":8},"end":{"line":159,"column":30}},"type":"binary-expr","locations":[{"start":{"line":159,"column":8},"end":{"line":159,"column":17}},{"start":{"line":159,"column":21},"end":{"line":159,"column":30}}]},"9":{"loc":{"start":{"line":162,"column":9},"end":{"line":164,"column":5}},"type":"if","locations":[{"start":{"line":162,"column":9},"end":{"line":164,"column":5}}]},"10":{"loc":{"start":{"line":162,"column":13},"end":{"line":162,"column":45}},"type":"binary-expr","locations":[{"start":{"line":162,"column":13},"end":{"line":162,"column":18}},{"start":{"line":162,"column":22},"end":{"line":162,"column":27}},{"start":{"line":162,"column":31},"end":{"line":162,"column":36}},{"start":{"line":162,"column":40},"end":{"line":162,"column":45}}]},"11":{"loc":{"start":{"line":165,"column":4},"end":{"line":176,"column":5}},"type":"if","locations":[{"start":{"line":165,"column":4},"end":{"line":176,"column":5}},{"start":{"line":168,"column":9},"end":{"line":176,"column":5}}]},"12":{"loc":{"start":{"line":168,"column":9},"end":{"line":176,"column":5}},"type":"if","locations":[{"start":{"line":168,"column":9},"end":{"line":176,"column":5}}]},"13":{"loc":{"start":{"line":170,"column":8},"end":{"line":175,"column":9}},"type":"if","locations":[{"start":{"line":170,"column":8},"end":{"line":175,"column":9}},{"start":{"line":173,"column":12},"end":{"line":175,"column":9}}]},"14":{"loc":{"start":{"line":190,"column":4},"end":{"line":192,"column":5}},"type":"if","locations":[{"start":{"line":190,"column":4},"end":{"line":192,"column":5}}]}},"s":{"0":1,"1":1,"2":1,"3":1,"4":1,"5":1,"6":1,"7":1,"8":4,"9":4,"10":150612,"11":150612,"12":652314,"13":128175,"14":22437,"15":22437,"16":22437,"17":22437,"18":61359,"19":61359,"20":179313,"21":5604,"22":16833,"23":16839,"24":16839,"25":67867,"26":67867,"27":557197,"28":16833,"29":6,"30":16837,"31":16837,"32":5,"33":16832,"34":16832,"35":16832,"36":150608,"37":16832,"38":16832,"39":204,"40":16628,"41":16628,"42":5,"43":1,"44":4,"45":1,"46":3,"47":1,"48":2,"49":2,"50":18,"51":2,"52":1,"53":1,"54":2,"55":1,"56":1,"57":9,"58":1},"f":{"0":4,"1":150612,"2":16839,"3":16837,"4":5,"5":18,"6":2,"7":9},"b":{"0":[128175],"1":[652314,595741],"2":[5604],"3":[16833],"4":[5],"5":[16832],"6":[204],"7":[1,4],"8":[5,4],"9":[1],"10":[4,3,3,3],"11":[1,2],"12":[2],"13":[1,1],"14":[1]}}
}
