{"C:\\Users\\nasse\\Documents\\GitHub\\Sudoku-projekt\\sudoku.ts": {"path":"C:\\Users\\nasse\\Documents\\GitHub\\Sudoku-projekt\\sudoku.ts","statementMap":{"0":{"start":{"line":2,"column":17},"end":{"line":2,"column":22}},"1":{"start":{"line":2,"column":24},"end":{"line":2,"column":32}},"2":{"start":{"line":2,"column":34},"end":{"line":2,"column":47}},"3":{"start":{"line":2,"column":49},"end":{"line":2,"column":54}},"4":{"start":{"line":2,"column":56},"end":{"line":2,"column":61}},"5":{"start":{"line":2,"column":63},"end":{"line":2,"column":67}},"6":{"start":{"line":6,"column":38},"end":{"line":42,"column":null}},"7":{"start":{"line":2,"column":9},"end":{"line":2,"column":15}},"8":{"start":{"line":47,"column":4},"end":{"line":47,"column":17}},"9":{"start":{"line":48,"column":4},"end":{"line":48,"column":17}},"10":{"start":{"line":54,"column":8},"end":{"line":58,"column":9}},"11":{"start":{"line":54,"column":20},"end":{"line":54,"column":21}},"12":{"start":{"line":55,"column":12},"end":{"line":57,"column":13}},"13":{"start":{"line":56,"column":16},"end":{"line":56,"column":29}},"14":{"start":{"line":61,"column":27},"end":{"line":61,"column":50}},"15":{"start":{"line":62,"column":27},"end":{"line":62,"column":50}},"16":{"start":{"line":63,"column":8},"end":{"line":69,"column":9}},"17":{"start":{"line":63,"column":20},"end":{"line":63,"column":22}},"18":{"start":{"line":64,"column":12},"end":{"line":68,"column":13}},"19":{"start":{"line":64,"column":24},"end":{"line":64,"column":26}},"20":{"start":{"line":65,"column":16},"end":{"line":67,"column":17}},"21":{"start":{"line":66,"column":20},"end":{"line":66,"column":33}},"22":{"start":{"line":70,"column":4},"end":{"line":70,"column":16}},"23":{"start":{"line":74,"column":8},"end":{"line":80,"column":9}},"24":{"start":{"line":74,"column":23},"end":{"line":74,"column":24}},"25":{"start":{"line":75,"column":12},"end":{"line":79,"column":13}},"26":{"start":{"line":75,"column":26},"end":{"line":75,"column":27}},"27":{"start":{"line":76,"column":16},"end":{"line":78,"column":17}},"28":{"start":{"line":77,"column":20},"end":{"line":77,"column":37}},"29":{"start":{"line":81,"column":8},"end":{"line":81,"column":20}},"30":{"start":{"line":87,"column":20},"end":{"line":87,"column":40}},"31":{"start":{"line":90,"column":8},"end":{"line":92,"column":9}},"32":{"start":{"line":91,"column":12},"end":{"line":91,"column":24}},"33":{"start":{"line":94,"column":35},"end":{"line":94,"column":40}},"34":{"start":{"line":97,"column":8},"end":{"line":107,"column":9}},"35":{"start":{"line":97,"column":22},"end":{"line":97,"column":23}},"36":{"start":{"line":98,"column":12},"end":{"line":106,"column":13}},"37":{"start":{"line":99,"column":16},"end":{"line":99,"column":38}},"38":{"start":{"line":102,"column":16},"end":{"line":104,"column":17}},"39":{"start":{"line":103,"column":20},"end":{"line":103,"column":32}},"40":{"start":{"line":105,"column":16},"end":{"line":105,"column":36}},"41":{"start":{"line":108,"column":4},"end":{"line":108,"column":17}},"42":{"start":{"line":113,"column":4},"end":{"line":118,"column":5}},"43":{"start":{"line":114,"column":8},"end":{"line":114,"column":62}},"44":{"start":{"line":116,"column":9},"end":{"line":118,"column":5}},"45":{"start":{"line":117,"column":8},"end":{"line":117,"column":71}},"46":{"start":{"line":119,"column":4},"end":{"line":130,"column":5}},"47":{"start":{"line":120,"column":8},"end":{"line":120,"column":57}},"48":{"start":{"line":122,"column":9},"end":{"line":130,"column":5}},"49":{"start":{"line":123,"column":35},"end":{"line":123,"column":67}},"50":{"start":{"line":123,"column":57},"end":{"line":123,"column":65}},"51":{"start":{"line":124,"column":8},"end":{"line":129,"column":9}},"52":{"start":{"line":125,"column":12},"end":{"line":125,"column":54}},"53":{"start":{"line":128,"column":12},"end":{"line":128,"column":45}},"54":{"start":{"line":135,"column":4},"end":{"line":137,"column":5}},"55":{"start":{"line":136,"column":8},"end":{"line":136,"column":18}},"56":{"start":{"line":138,"column":26},"end":{"line":138,"column":58}},"57":{"start":{"line":138,"column":48},"end":{"line":138,"column":56}},"58":{"start":{"line":139,"column":4},"end":{"line":139,"column":24}}},"fnMap":{"0":{"name":"facit","decl":{"start":{"line":46,"column":9},"end":{"line":46,"column":14}},"loc":{"start":{"line":46,"column":27},"end":{"line":49,"column":1}}},"1":{"name":"is_valid","decl":{"start":{"line":52,"column":9},"end":{"line":52,"column":17}},"loc":{"start":{"line":52,"column":69},"end":{"line":71,"column":1}}},"2":{"name":"contains_zero","decl":{"start":{"line":73,"column":9},"end":{"line":73,"column":22}},"loc":{"start":{"line":73,"column":35},"end":{"line":82,"column":5}}},"3":{"name":"solve","decl":{"start":{"line":85,"column":9},"end":{"line":85,"column":14}},"loc":{"start":{"line":85,"column":27},"end":{"line":109,"column":1}}},"4":{"name":"apply","decl":{"start":{"line":112,"column":9},"end":{"line":112,"column":14}},"loc":{"start":{"line":112,"column":64},"end":{"line":131,"column":1}}},"5":{"name":"(anonymous_5)","decl":{"start":{"line":123,"column":51},"end":{"line":123,"column":54}},"loc":{"start":{"line":123,"column":57},"end":{"line":123,"column":65}}},"6":{"name":"hint","decl":{"start":{"line":134,"column":9},"end":{"line":134,"column":13}},"loc":{"start":{"line":134,"column":48},"end":{"line":140,"column":1}}},"7":{"name":"(anonymous_7)","decl":{"start":{"line":138,"column":42},"end":{"line":138,"column":45}},"loc":{"start":{"line":138,"column":48},"end":{"line":138,"column":56}}}},"branchMap":{"0":{"loc":{"start":{"line":55,"column":12},"end":{"line":57,"column":13}},"type":"if","locations":[{"start":{"line":55,"column":12},"end":{"line":57,"column":13}}]},"1":{"loc":{"start":{"line":55,"column":15},"end":{"line":55,"column":61}},"type":"binary-expr","locations":[{"start":{"line":55,"column":15},"end":{"line":55,"column":36}},{"start":{"line":55,"column":40},"end":{"line":55,"column":61}}]},"2":{"loc":{"start":{"line":65,"column":16},"end":{"line":67,"column":17}},"type":"if","locations":[{"start":{"line":65,"column":16},"end":{"line":67,"column":17}}]},"3":{"loc":{"start":{"line":76,"column":16},"end":{"line":78,"column":17}},"type":"if","locations":[{"start":{"line":76,"column":16},"end":{"line":78,"column":17}}]},"4":{"loc":{"start":{"line":90,"column":8},"end":{"line":92,"column":9}},"type":"if","locations":[{"start":{"line":90,"column":8},"end":{"line":92,"column":9}}]},"5":{"loc":{"start":{"line":98,"column":12},"end":{"line":106,"column":13}},"type":"if","locations":[{"start":{"line":98,"column":12},"end":{"line":106,"column":13}}]},"6":{"loc":{"start":{"line":102,"column":16},"end":{"line":104,"column":17}},"type":"if","locations":[{"start":{"line":102,"column":16},"end":{"line":104,"column":17}}]},"7":{"loc":{"start":{"line":113,"column":4},"end":{"line":118,"column":5}},"type":"if","locations":[{"start":{"line":113,"column":4},"end":{"line":118,"column":5}},{"start":{"line":116,"column":9},"end":{"line":118,"column":5}}]},"8":{"loc":{"start":{"line":113,"column":8},"end":{"line":113,"column":30}},"type":"binary-expr","locations":[{"start":{"line":113,"column":8},"end":{"line":113,"column":17}},{"start":{"line":113,"column":21},"end":{"line":113,"column":30}}]},"9":{"loc":{"start":{"line":116,"column":9},"end":{"line":118,"column":5}},"type":"if","locations":[{"start":{"line":116,"column":9},"end":{"line":118,"column":5}}]},"10":{"loc":{"start":{"line":116,"column":13},"end":{"line":116,"column":45}},"type":"binary-expr","locations":[{"start":{"line":116,"column":13},"end":{"line":116,"column":18}},{"start":{"line":116,"column":22},"end":{"line":116,"column":27}},{"start":{"line":116,"column":31},"end":{"line":116,"column":36}},{"start":{"line":116,"column":40},"end":{"line":116,"column":45}}]},"11":{"loc":{"start":{"line":119,"column":4},"end":{"line":130,"column":5}},"type":"if","locations":[{"start":{"line":119,"column":4},"end":{"line":130,"column":5}},{"start":{"line":122,"column":9},"end":{"line":130,"column":5}}]},"12":{"loc":{"start":{"line":122,"column":9},"end":{"line":130,"column":5}},"type":"if","locations":[{"start":{"line":122,"column":9},"end":{"line":130,"column":5}}]},"13":{"loc":{"start":{"line":124,"column":8},"end":{"line":129,"column":9}},"type":"if","locations":[{"start":{"line":124,"column":8},"end":{"line":129,"column":9}},{"start":{"line":127,"column":12},"end":{"line":129,"column":9}}]},"14":{"loc":{"start":{"line":135,"column":4},"end":{"line":137,"column":5}},"type":"if","locations":[{"start":{"line":135,"column":4},"end":{"line":137,"column":5}}]}},"s":{"0":1,"1":1,"2":1,"3":1,"4":1,"5":1,"6":1,"7":1,"8":4,"9":4,"10":150612,"11":150612,"12":652314,"13":128175,"14":22437,"15":22437,"16":22437,"17":22437,"18":61359,"19":61359,"20":179313,"21":5604,"22":16833,"23":16839,"24":16839,"25":67867,"26":67867,"27":557197,"28":16833,"29":6,"30":16837,"31":16837,"32":5,"33":16832,"34":16832,"35":16832,"36":150608,"37":16832,"38":16832,"39":204,"40":16628,"41":16628,"42":5,"43":1,"44":4,"45":1,"46":3,"47":1,"48":2,"49":2,"50":18,"51":2,"52":1,"53":1,"54":2,"55":1,"56":1,"57":9,"58":1},"f":{"0":4,"1":150612,"2":16839,"3":16837,"4":5,"5":18,"6":2,"7":9},"b":{"0":[128175],"1":[652314,595741],"2":[5604],"3":[16833],"4":[5],"5":[16832],"6":[204],"7":[1,4],"8":[5,4],"9":[1],"10":[4,3,3,3],"11":[1,2],"12":[2],"13":[1,1],"14":[1]}}
}
