TN:
SF:sudoku.ts
FN:46,facit
FN:52,is_valid
FN:73,contains_zero
FN:85,solve
FN:112,apply
FN:123,(anonymous_5)
FN:134,hint
FN:138,(anonymous_7)
FNF:8
FNH:8
FNDA:4,facit
FNDA:150612,is_valid
FNDA:16839,contains_zero
FNDA:16837,solve
FNDA:5,apply
FNDA:18,(anonymous_5)
FNDA:2,hint
FNDA:9,(anonymous_7)
DA:2,1
DA:6,1
DA:47,4
DA:48,4
DA:54,150612
DA:55,652314
DA:56,128175
DA:61,22437
DA:62,22437
DA:63,22437
DA:64,61359
DA:65,179313
DA:66,5604
DA:70,16833
DA:74,16839
DA:75,67867
DA:76,557197
DA:77,16833
DA:81,6
DA:87,16837
DA:90,16837
DA:91,5
DA:94,16832
DA:97,16832
DA:98,150608
DA:99,16832
DA:102,16832
DA:103,204
DA:105,16628
DA:108,16628
DA:113,5
DA:114,1
DA:116,4
DA:117,1
DA:119,3
DA:120,1
DA:122,2
DA:123,18
DA:124,2
DA:125,1
DA:128,1
DA:135,2
DA:136,1
DA:138,9
DA:139,1
LF:45
LH:45
BRDA:55,0,0,128175
BRDA:55,1,0,652314
BRDA:55,1,1,595741
BRDA:65,2,0,5604
BRDA:76,3,0,16833
BRDA:90,4,0,5
BRDA:98,5,0,16832
BRDA:102,6,0,204
BRDA:113,7,0,1
BRDA:113,7,1,4
BRDA:113,8,0,5
BRDA:113,8,1,4
BRDA:116,9,0,1
BRDA:116,10,0,4
BRDA:116,10,1,3
BRDA:116,10,2,3
BRDA:116,10,3,3
BRDA:119,11,0,1
BRDA:119,11,1,2
BRDA:122,12,0,2
BRDA:124,13,0,1
BRDA:124,13,1,1
BRDA:135,14,0,1
BRF:23
BRH:23
end_of_record
