TN:
SF:sudoku.ts
FN:53,facit
FN:70,is_valid
FN:99,contains_zero
FN:120,solve
FN:158,apply
FN:169,(anonymous_5)
FN:189,hint
FN:193,(anonymous_7)
FNF:8
FNH:8
FNDA:4,facit
FNDA:150612,is_valid
FNDA:16839,contains_zero
FNDA:16837,solve
FNDA:5,apply
FNDA:18,(anonymous_5)
FNDA:2,hint
FNDA:9,(anonymous_7)
DA:2,1
DA:6,1
DA:54,4
DA:55,4
DA:72,150612
DA:73,652314
DA:74,128175
DA:79,22437
DA:80,22437
DA:81,22437
DA:82,61359
DA:83,179313
DA:84,5604
DA:88,16833
DA:100,16839
DA:101,67867
DA:102,557197
DA:103,16833
DA:107,6
DA:122,16837
DA:125,16837
DA:126,5
DA:129,16832
DA:132,16832
DA:133,150608
DA:134,16832
DA:137,16832
DA:138,204
DA:140,16628
DA:143,16628
DA:159,5
DA:160,1
DA:162,4
DA:163,1
DA:165,3
DA:166,1
DA:168,2
DA:169,18
DA:170,2
DA:171,1
DA:174,1
DA:190,2
DA:191,1
DA:193,9
DA:194,1
LF:45
LH:45
BRDA:73,0,0,128175
BRDA:73,1,0,652314
BRDA:73,1,1,595741
BRDA:83,2,0,5604
BRDA:102,3,0,16833
BRDA:125,4,0,5
BRDA:133,5,0,16832
BRDA:137,6,0,204
BRDA:159,7,0,1
BRDA:159,7,1,4
BRDA:159,8,0,5
BRDA:159,8,1,4
BRDA:162,9,0,1
BRDA:162,10,0,4
BRDA:162,10,1,3
BRDA:162,10,2,3
BRDA:162,10,3,3
BRDA:165,11,0,1
BRDA:165,11,1,2
BRDA:168,12,0,2
BRDA:170,13,0,1
BRDA:170,13,1,1
BRDA:190,14,0,1
BRF:23
BRH:23
end_of_record
